0 info it worked if it ends with ok
1 verbose cli [ 'C:\\Program Files\\nodejs\\node.exe',
1 verbose cli   'C:\\Program Files\\nodejs\\node_modules\\npm\\bin\\npm-cli.js',
1 verbose cli   'install',
1 verbose cli   '--save',
1 verbose cli   'angular-swiper' ]
2 info using npm@2.15.9
3 info using node@v4.6.0
4 verbose install initial load of C:\Bitnami\wampstack-5.6.27-0\apache2\htdocs\HCI\package.json
5 verbose installManyTop reading scoped package data from C:\Bitnami\wampstack-5.6.27-0\apache2\htdocs\HCI\node_modules\angular\package.json
6 verbose installManyTop reading scoped package data from C:\Bitnami\wampstack-5.6.27-0\apache2\htdocs\HCI\node_modules\angular-animate\package.json
7 verbose installManyTop reading scoped package data from C:\Bitnami\wampstack-5.6.27-0\apache2\htdocs\HCI\node_modules\angular-aria\package.json
8 verbose installManyTop reading scoped package data from C:\Bitnami\wampstack-5.6.27-0\apache2\htdocs\HCI\node_modules\angular-material\package.json
9 verbose installManyTop reading scoped package data from C:\Bitnami\wampstack-5.6.27-0\apache2\htdocs\HCI\node_modules\angular-route\package.json
10 verbose installManyTop reading scoped package data from C:\Bitnami\wampstack-5.6.27-0\apache2\htdocs\HCI\node_modules\css\package.json
11 verbose installManyTop reading scoped package data from C:\Bitnami\wampstack-5.6.27-0\apache2\htdocs\HCI\node_modules\font-awesome\package.json
12 verbose installManyTop reading scoped package data from C:\Bitnami\wampstack-5.6.27-0\apache2\htdocs\HCI\node_modules\ng-storage\package.json
13 verbose installManyTop reading scoped package data from C:\Bitnami\wampstack-5.6.27-0\apache2\htdocs\HCI\node_modules\swiper\package.json
14 info package.json angular-material@1.1.1 No license field.
15 verbose readDependencies loading dependencies from C:\Bitnami\wampstack-5.6.27-0\apache2\htdocs\HCI\package.json
16 silly cache add args [ 'angular-swiper', null ]
17 verbose cache add spec angular-swiper
18 silly cache add parsed spec Result {
18 silly cache add   raw: 'angular-swiper',
18 silly cache add   scope: null,
18 silly cache add   name: 'angular-swiper',
18 silly cache add   rawSpec: '',
18 silly cache add   spec: 'latest',
18 silly cache add   type: 'tag' }
19 silly addNamed angular-swiper@latest
20 verbose addNamed "latest" is being treated as a dist-tag for angular-swiper
21 info addNameTag [ 'angular-swiper', 'latest' ]
22 silly mapToRegistry name angular-swiper
23 silly mapToRegistry using default registry
24 silly mapToRegistry registry https://registry.npmjs.org/
25 silly mapToRegistry data Result {
25 silly mapToRegistry   raw: 'angular-swiper',
25 silly mapToRegistry   scope: null,
25 silly mapToRegistry   name: 'angular-swiper',
25 silly mapToRegistry   rawSpec: '',
25 silly mapToRegistry   spec: 'latest',
25 silly mapToRegistry   type: 'tag' }
26 silly mapToRegistry uri https://registry.npmjs.org/angular-swiper
27 verbose addNameTag registry:https://registry.npmjs.org/angular-swiper not in flight; fetching
28 verbose request uri https://registry.npmjs.org/angular-swiper
29 verbose request no auth needed
30 info attempt registry request try #1 at 10:58:13 PM
31 verbose request id db78d5ab5e9878a5
32 http request GET https://registry.npmjs.org/angular-swiper
33 http 200 https://registry.npmjs.org/angular-swiper
34 verbose headers { server: 'nginx/1.10.1',
34 verbose headers   'content-type': 'application/json',
34 verbose headers   'last-modified': 'Thu, 12 May 2016 17:03:33 GMT',
34 verbose headers   etag: 'W/"5734b765-209b"',
34 verbose headers   'content-encoding': 'gzip',
34 verbose headers   'cache-control': 'max-age=300',
34 verbose headers   'content-length': '2631',
34 verbose headers   'accept-ranges': 'bytes',
34 verbose headers   date: 'Mon, 05 Dec 2016 22:58:13 GMT',
34 verbose headers   via: '1.1 varnish',
34 verbose headers   age: '0',
34 verbose headers   connection: 'keep-alive',
34 verbose headers   'x-served-by': 'cache-lhr6329-LHR',
34 verbose headers   'x-cache': 'MISS',
34 verbose headers   'x-cache-hits': '0',
34 verbose headers   'x-timer': 'S1480978693.915752,VS0,VE34',
34 verbose headers   vary: 'Accept-Encoding' }
35 silly get cb [ 200,
35 silly get   { server: 'nginx/1.10.1',
35 silly get     'content-type': 'application/json',
35 silly get     'last-modified': 'Thu, 12 May 2016 17:03:33 GMT',
35 silly get     etag: 'W/"5734b765-209b"',
35 silly get     'content-encoding': 'gzip',
35 silly get     'cache-control': 'max-age=300',
35 silly get     'content-length': '2631',
35 silly get     'accept-ranges': 'bytes',
35 silly get     date: 'Mon, 05 Dec 2016 22:58:13 GMT',
35 silly get     via: '1.1 varnish',
35 silly get     age: '0',
35 silly get     connection: 'keep-alive',
35 silly get     'x-served-by': 'cache-lhr6329-LHR',
35 silly get     'x-cache': 'MISS',
35 silly get     'x-cache-hits': '0',
35 silly get     'x-timer': 'S1480978693.915752,VS0,VE34',
35 silly get     vary: 'Accept-Encoding' } ]
36 verbose get saving angular-swiper to C:\Users\matt\AppData\Roaming\npm-cache\registry.npmjs.org\angular-swiper\.cache.json
37 verbose correctMkdir C:\Users\matt\AppData\Roaming\npm-cache correctMkdir not in flight; initializing
38 silly addNameTag next cb for angular-swiper with tag latest
39 silly addNamed angular-swiper@0.4.0
40 verbose addNamed "0.4.0" is a plain semver version for angular-swiper
41 silly mapToRegistry name angular-swiper
42 silly mapToRegistry using default registry
43 silly mapToRegistry registry https://registry.npmjs.org/
44 silly mapToRegistry data Result {
44 silly mapToRegistry   raw: 'angular-swiper',
44 silly mapToRegistry   scope: null,
44 silly mapToRegistry   name: 'angular-swiper',
44 silly mapToRegistry   rawSpec: '',
44 silly mapToRegistry   spec: 'latest',
44 silly mapToRegistry   type: 'tag' }
45 silly mapToRegistry uri https://registry.npmjs.org/angular-swiper
46 verbose addRemoteTarball https://registry.npmjs.org/angular-swiper/-/angular-swiper-0.4.0.tgz not in flight; adding
47 verbose addRemoteTarball [ 'https://registry.npmjs.org/angular-swiper/-/angular-swiper-0.4.0.tgz',
47 verbose addRemoteTarball   '214f45dc541423b9885bac6a8142832553ff0074' ]
48 info retry fetch attempt 1 at 10:58:13 PM
49 info attempt registry request try #1 at 10:58:13 PM
50 http fetch GET https://registry.npmjs.org/angular-swiper/-/angular-swiper-0.4.0.tgz
51 http fetch 200 https://registry.npmjs.org/angular-swiper/-/angular-swiper-0.4.0.tgz
52 silly fetchAndShaCheck shasum 214f45dc541423b9885bac6a8142832553ff0074
53 verbose addTmpTarball C:\Users\matt\AppData\Local\Temp\npm-12260-4286e853\registry.npmjs.org\angular-swiper\-\angular-swiper-0.4.0.tgz not in flight; adding
54 verbose addTmpTarball already have metadata; skipping unpack for angular-swiper@0.4.0
55 verbose correctMkdir C:\Users\matt\AppData\Roaming\npm-cache correctMkdir not in flight; initializing
56 silly cache afterAdd angular-swiper@0.4.0
57 verbose afterAdd C:\Users\matt\AppData\Roaming\npm-cache\angular-swiper\0.4.0\package\package.json not in flight; writing
58 verbose correctMkdir C:\Users\matt\AppData\Roaming\npm-cache correctMkdir not in flight; initializing
59 verbose afterAdd C:\Users\matt\AppData\Roaming\npm-cache\angular-swiper\0.4.0\package\package.json written
60 silly install resolved [ { name: 'angular-swiper',
60 silly install resolved     version: '0.4.0',
60 silly install resolved     description: 'Angular directive for nolimits4web/swiper',
60 silly install resolved     main: 'dist/angular-swiper.js',
60 silly install resolved     scripts: { test: 'echo "Error: no test specified" && exit 1' },
60 silly install resolved     repository:
60 silly install resolved      { type: 'git',
60 silly install resolved        url: 'git+https://github.com/ksachdeva/angular-swiper.git' },
60 silly install resolved     keywords: [ 'angular', 'swiper' ],
60 silly install resolved     author: { name: 'Kapil Sachdeva' },
60 silly install resolved     license: 'Apache',
60 silly install resolved     bugs: { url: 'https://github.com/ksachdeva/angular-swiper/issues' },
60 silly install resolved     homepage: 'https://github.com/ksachdeva/angular-swiper',
60 silly install resolved     devDependencies:
60 silly install resolved      { gulp: '^3.8.11',
60 silly install resolved        'gulp-ng-annotate': '^0.5.2',
60 silly install resolved        'gulp-uglify': '^1.1.0',
60 silly install resolved        'gulp-webserver': '^0.9.0' },
60 silly install resolved     gitHead: 'f65e67139e0cea22393e9fd37ca84cd13ec71a8d',
60 silly install resolved     _id: 'angular-swiper@0.4.0',
60 silly install resolved     _shasum: '214f45dc541423b9885bac6a8142832553ff0074',
60 silly install resolved     _from: 'angular-swiper@latest',
60 silly install resolved     _npmVersion: '3.9.0',
60 silly install resolved     _nodeVersion: '5.11.0',
60 silly install resolved     _npmUser: { name: 'ksachdeva', email: 'ksachdeva17@gmail.com' },
60 silly install resolved     dist:
60 silly install resolved      { shasum: '214f45dc541423b9885bac6a8142832553ff0074',
60 silly install resolved        tarball: 'https://registry.npmjs.org/angular-swiper/-/angular-swiper-0.4.0.tgz' },
60 silly install resolved     maintainers: [ [Object] ],
60 silly install resolved     _npmOperationalInternal:
60 silly install resolved      { host: 'packages-12-west.internal.npmjs.com',
60 silly install resolved        tmp: 'tmp/angular-swiper-0.4.0.tgz_1463072610616_0.5328218010254204' },
60 silly install resolved     directories: {},
60 silly install resolved     _resolved: 'https://registry.npmjs.org/angular-swiper/-/angular-swiper-0.4.0.tgz' } ]
61 info install angular-swiper@0.4.0 into C:\Bitnami\wampstack-5.6.27-0\apache2\htdocs\HCI
62 info installOne angular-swiper@0.4.0
63 verbose installOne of angular-swiper to C:\Bitnami\wampstack-5.6.27-0\apache2\htdocs\HCI not in flight; installing
64 verbose correctMkdir C:\Users\matt\AppData\Roaming\npm-cache\_locks correctMkdir not in flight; initializing
65 verbose lock using C:\Users\matt\AppData\Roaming\npm-cache\_locks\angular-swiper-d7a335d8b22639da.lock for C:\Bitnami\wampstack-5.6.27-0\apache2\htdocs\HCI\node_modules\angular-swiper
66 silly install write writing angular-swiper 0.4.0 to C:\Bitnami\wampstack-5.6.27-0\apache2\htdocs\HCI\node_modules\angular-swiper
67 verbose unbuild node_modules\angular-swiper
68 silly gentlyRm C:\Bitnami\wampstack-5.6.27-0\apache2\htdocs\HCI\node_modules\angular-swiper is being purged from base C:\Bitnami\wampstack-5.6.27-0\apache2\htdocs\HCI
69 verbose gentlyRm don't care about contents; nuking C:\Bitnami\wampstack-5.6.27-0\apache2\htdocs\HCI\node_modules\angular-swiper
70 verbose tar unpack C:\Users\matt\AppData\Roaming\npm-cache\angular-swiper\0.4.0\package.tgz
71 verbose tar unpacking to C:\Bitnami\wampstack-5.6.27-0\apache2\htdocs\HCI\node_modules\angular-swiper
72 silly gentlyRm C:\Bitnami\wampstack-5.6.27-0\apache2\htdocs\HCI\node_modules\angular-swiper is being purged
73 verbose gentlyRm don't care about contents; nuking C:\Bitnami\wampstack-5.6.27-0\apache2\htdocs\HCI\node_modules\angular-swiper
74 silly gunzTarPerm modes [ '777', '666' ]
75 silly gunzTarPerm extractEntry package.json
76 silly gunzTarPerm modified mode [ 'package.json', 420, 438 ]
77 silly gunzTarPerm extractEntry .npmignore
78 silly gunzTarPerm modified mode [ '.npmignore', 420, 438 ]
79 silly gunzTarPerm extractEntry README.md
80 silly gunzTarPerm modified mode [ 'README.md', 420, 438 ]
81 silly gunzTarPerm extractEntry LICENSE
82 silly gunzTarPerm modified mode [ 'LICENSE', 420, 438 ]
83 silly gunzTarPerm extractEntry gulpfile.js
84 silly gunzTarPerm modified mode [ 'gulpfile.js', 420, 438 ]
85 silly gunzTarPerm extractEntry package.js
86 silly gunzTarPerm modified mode [ 'package.js', 420, 438 ]
87 silly gunzTarPerm extractEntry bower.json
88 silly gunzTarPerm modified mode [ 'bower.json', 420, 438 ]
89 silly gunzTarPerm extractEntry .jsbeautifyrc
90 silly gunzTarPerm modified mode [ '.jsbeautifyrc', 420, 438 ]
91 silly gunzTarPerm extractEntry dist/angular-swiper.js
92 silly gunzTarPerm modified mode [ 'dist/angular-swiper.js', 420, 438 ]
93 silly gunzTarPerm extractEntry .versions
94 silly gunzTarPerm modified mode [ '.versions', 420, 438 ]
95 silly gunzTarPerm extractEntry src/angular-swiper.js
96 silly gunzTarPerm modified mode [ 'src/angular-swiper.js', 420, 438 ]
97 silly gunzTarPerm extractEntry .jshintrc
98 silly gunzTarPerm modified mode [ '.jshintrc', 420, 438 ]
99 silly gunzTarPerm extractEntry demos/index.html
100 silly gunzTarPerm modified mode [ 'demos/index.html', 420, 438 ]
101 verbose write writing to C:\Bitnami\wampstack-5.6.27-0\apache2\htdocs\HCI\node_modules\angular-swiper\package.json
102 info preinstall angular-swiper@0.4.0
103 verbose readDependencies loading dependencies from C:\Bitnami\wampstack-5.6.27-0\apache2\htdocs\HCI\node_modules\angular-swiper\package.json
104 verbose readDependencies loading dependencies from C:\Bitnami\wampstack-5.6.27-0\apache2\htdocs\HCI\node_modules\angular-swiper\package.json
105 silly install resolved []
106 verbose about to build C:\Bitnami\wampstack-5.6.27-0\apache2\htdocs\HCI\node_modules\angular-swiper
107 info build C:\Bitnami\wampstack-5.6.27-0\apache2\htdocs\HCI\node_modules\angular-swiper
108 info linkStuff angular-swiper@0.4.0
109 silly linkStuff angular-swiper@0.4.0 has C:\Bitnami\wampstack-5.6.27-0\apache2\htdocs\HCI\node_modules as its parent node_modules
110 verbose linkBins angular-swiper@0.4.0
111 verbose linkMans angular-swiper@0.4.0
112 verbose rebuildBundles angular-swiper@0.4.0
113 info install angular-swiper@0.4.0
114 info postinstall angular-swiper@0.4.0
115 verbose unlock done using C:\Users\matt\AppData\Roaming\npm-cache\_locks\angular-swiper-d7a335d8b22639da.lock for C:\Bitnami\wampstack-5.6.27-0\apache2\htdocs\HCI\node_modules\angular-swiper
116 verbose validateInstall loading C:\Bitnami\wampstack-5.6.27-0\apache2\htdocs\HCI\package.json for validation
117 verbose stack Error: The package karma@0.10.10 does not satisfy its siblings' peerDependencies requirements!
117 verbose stack     at C:\Program Files\nodejs\node_modules\npm\lib\install.js:125:32
117 verbose stack     at C:\Program Files\nodejs\node_modules\npm\lib\install.js:268:7
117 verbose stack     at C:\Program Files\nodejs\node_modules\npm\node_modules\read-installed\read-installed.js:142:5
117 verbose stack     at C:\Program Files\nodejs\node_modules\npm\node_modules\read-installed\read-installed.js:263:14
117 verbose stack     at cb (C:\Program Files\nodejs\node_modules\npm\node_modules\slide\lib\async-map.js:47:24)
117 verbose stack     at C:\Program Files\nodejs\node_modules\npm\node_modules\read-installed\read-installed.js:263:14
117 verbose stack     at cb (C:\Program Files\nodejs\node_modules\npm\node_modules\slide\lib\async-map.js:47:24)
117 verbose stack     at C:\Program Files\nodejs\node_modules\npm\node_modules\read-installed\read-installed.js:263:14
117 verbose stack     at cb (C:\Program Files\nodejs\node_modules\npm\node_modules\slide\lib\async-map.js:47:24)
117 verbose stack     at C:\Program Files\nodejs\node_modules\npm\node_modules\read-installed\read-installed.js:263:14
118 verbose cwd C:\Bitnami\wampstack-5.6.27-0\apache2\htdocs\HCI
119 error Windows_NT 10.0.14393
120 error argv "C:\\Program Files\\nodejs\\node.exe" "C:\\Program Files\\nodejs\\node_modules\\npm\\bin\\npm-cli.js" "install" "--save" "angular-swiper"
121 error node v4.6.0
122 error npm  v2.15.9
123 error code EPEERINVALID
124 error peerinvalid The package karma@0.10.10 does not satisfy its siblings' peerDependencies requirements!
124 error peerinvalid Peer grunt-karma@0.7.3 wants karma@~0.12.0
124 error peerinvalid Peer karma-html2js-preprocessor@0.1.0 wants karma@>=0.9
124 error peerinvalid Peer karma-coffee-preprocessor@0.1.3 wants karma@>=0.9
124 error peerinvalid Peer karma-mocha@0.1.10 wants karma@>=0.12.8
124 error peerinvalid Peer karma-script-launcher@0.1.0 wants karma@>=0.9
124 error peerinvalid Peer karma-phantomjs-launcher@0.1.4 wants karma@>=0.9
124 error peerinvalid Peer karma-jasmine@0.1.6 wants karma@>=0.9
124 error peerinvalid Peer karma-requirejs@0.2.6 wants karma@>=0.9
125 verbose exit [ 1, true ]
